This is pTeX, Version 3.141592-p3.1.11 (sjis.euc) (Web2C 7.5.4) (format=platex 2011.7.24)  20 MAR 2016 01:00
**READ.md
(./READ.md
pLaTeX2e <2006/11/10>+0 (based on LaTeX2e <2003/12/01> patch level 0)

! LaTeX Error: Missing \begin{document}.

See the LaTeX manual or LaTeX Companion for explanation.
Type  H <return>  for immediate help.
 ...                                              
                                                  
l.1 ’f
      ”MŞ‚ÅˆÍ‚Ü‚ê‚½•¨‘Ì‚Ì’[‚ğ”M‚µA‚»‚Ì”M‚ª•¨‘Ì‚ğ’Ê‰ß‚·‚é“`”M‘¬“x‚ÍA”M‚Ì—¬...

? 
! Emergency stop.
 ...                                              
                                                  
l.1 ’f
      ”MŞ‚ÅˆÍ‚Ü‚ê‚½•¨‘Ì‚Ì’[‚ğ”M‚µA‚»‚Ì”M‚ª•¨‘Ì‚ğ’Ê‰ß‚·‚é“`”M‘¬“x‚ÍA”M‚Ì—¬...

You're in trouble here.  Try typing  <return>  to proceed.
If that doesn't work, type  X <return>  to quit.

 
Here is how much of TeX's memory you used:
 6 strings out of 94681
 164 string characters out of 1174371
 49353 words of memory out of 1500000
 3389 multiletter control sequences out of 10000+50000
 7511 words of font info for 31 fonts, out of 1200000 for 2000
 566 hyphenation exceptions out of 8191
 5i,0n,4p,134b,14s stack positions out of 5000i,500n,6000p,200000b,5000s
No pages of output.
